08:52:22.044 request:
1 > GET https://reqres.in//api/users?page=2
1 > Accept-Encoding: gzip,deflate
1 > Connection: Keep-Alive
1 > Host: reqres.in
1 > User-Agent: Apache-HttpClient/4.5.12 (Java/1.8.0_271)

08:52:23.512 response time in milliseconds: 1462.95
1 < 200
1 < Access-Control-Allow-Origin: *
1 < Age: 4354
1 < CF-Cache-Status: HIT
1 < CF-RAY: 646d2886ac5b3193-BOM
1 < Cache-Control: max-age=14400
1 < Connection: keep-alive
1 < Content-Type: application/json; charset=utf-8
1 < Date: Wed, 28 Apr 2021 03:21:03 GMT
1 < Etag: W/"406-ut0vzoCuidvyMf8arZpMpJ6ZRDw"
1 < Expect-CT: max-age=604800, report-uri="https://report-uri.cloudflare.com/cdn-cgi/beacon/expect-ct"
1 < NEL: {"max_age":604800,"report_to":"cf-nel"}
1 < Report-To: {"endpoints":[{"url":"https:\/\/a.nel.cloudflare.com\/report?s=FcJjLpycj6lMpFW0LvWd9xFdptaCKK8iTr%2BUGsbLAwFQQIDMo2RZXflaczBYVqcfCARyIdyA5fJqwJLnPtmN8F3k0rQICJEHCGs%3D"}],"max_age":604800,"group":"cf-nel"}
1 < Server: cloudflare
1 < Set-Cookie: __cfduid=dd840caa032f68b18907d9155844c63aa1619580063; expires=Fri, 28-May-21 03:21:03 GMT; path=/; domain=.reqres.in; HttpOnly; SameSite=Lax; Secure
1 < Transfer-Encoding: chunked
1 < Vary: Accept-Encoding
1 < Via: 1.1 vegur
1 < X-Powered-By: Express
1 < alt-svc: h3-27=":443"; ma=86400, h3-28=":443"; ma=86400, h3-29=":443"; ma=86400
1 < cf-request-id: 09b817a82b00003193572e8000000001
{"page":2,"per_page":6,"total":12,"total_pages":2,"data":[{"id":7,"email":"michael.lawson@reqres.in","first_name":"Michael","last_name":"Lawson","avatar":"https://reqres.in/img/faces/7-image.jpg"},{"id":8,"email":"lindsay.ferguson@reqres.in","first_name":"Lindsay","last_name":"Ferguson","avatar":"https://reqres.in/img/faces/8-image.jpg"},{"id":9,"email":"tobias.funke@reqres.in","first_name":"Tobias","last_name":"Funke","avatar":"https://reqres.in/img/faces/9-image.jpg"},{"id":10,"email":"byron.fields@reqres.in","first_name":"Byron","last_name":"Fields","avatar":"https://reqres.in/img/faces/10-image.jpg"},{"id":11,"email":"george.edwards@reqres.in","first_name":"George","last_name":"Edwards","avatar":"https://reqres.in/img/faces/11-image.jpg"},{"id":12,"email":"rachel.howell@reqres.in","first_name":"Rachel","last_name":"Howell","avatar":"https://reqres.in/img/faces/12-image.jpg"}],"support":{"url":"https://reqres.in/#support-heading","text":"To keep ReqRes free, contributions towards server costs are appreciated!"}}

08:52:23.518 [print] response : {"per_page":6,"total":12,"data":[{"last_name":"Lawson","id":7,"avatar":"https:\/\/reqres.in\/img\/faces\/7-image.jpg","first_name":"Michael","email":"michael.lawson@reqres.in"},{"last_name":"Ferguson","id":8,"avatar":"https:\/\/reqres.in\/img\/faces\/8-image.jpg","first_name":"Lindsay","email":"lindsay.ferguson@reqres.in"},{"last_name":"Funke","id":9,"avatar":"https:\/\/reqres.in\/img\/faces\/9-image.jpg","first_name":"Tobias","email":"tobias.funke@reqres.in"},{"last_name":"Fields","id":10,"avatar":"https:\/\/reqres.in\/img\/faces\/10-image.jpg","first_name":"Byron","email":"byron.fields@reqres.in"},{"last_name":"Edwards","id":11,"avatar":"https:\/\/reqres.in\/img\/faces\/11-image.jpg","first_name":"George","email":"george.edwards@reqres.in"},{"last_name":"Howell","id":12,"avatar":"https:\/\/reqres.in\/img\/faces\/12-image.jpg","first_name":"Rachel","email":"rachel.howell@reqres.in"}],"page":2,"total_pages":2,"support":{"text":"To keep ReqRes free, contributions towards server costs are appreciated!","url":"https:\/\/reqres.in\/#support-heading"}}
